== 16.in ==
abcdefghijklmnop
ebjpfdgmihonackl
dblfiegmjknpohac
anbfdigmcokeplhj
eocfhpgainmdkljb
fbpiengdjmoaklch
dnjceogmlphfkbia
pkjfebgacinhmold
aojifkgehcnbdlpm
apljchgdifnokbme
abocefghijklmndp
ebjpfcgmihdnaokl
cblfiegmjknpdhao
anbfcigmodkeplhj
edofhpgainmckljb
fbpiengcjmdakloh
cnjoedgmlphfkbia
pkjfebgaoinhmdlc
adjifkgehonbclpm
apljohgcifndkbme
abdoefghijklmncp
ebjpfogmihcnadkl
oblfiegmjknpchad
anbfoigmdckeplhj
ecdfhpgainmokljb
fbpiengojmcakldh
onjdecgmlphfkbia
pkjfebgadinhmclo
acjifkgehdnbolpm
apljdhgoifnckbme
abcdefghijklmnop
ebjpfdgmihonackl
dblfiegmjknpohac
anbfdigmcokeplhj
eocfhpgainmdkljb
fbpiengdjmoaklch
dnjceogmlphfkbia
pkjfebgacinhmold
aojifkgehcnbdlpm
apljchgdifnokbme
abocefghijklmndp
ebjpfcgmihdnaokl
cblfiegmjknpdhao
anbfcigmodkeplhj
edofhpgainmckljb
fbpiengcjmdakloh
cnjoedgmlphfkbia
pkjfebgaoinhmdlc
adjifkgehonbclpm
apljohgcifndkbme
abdoefghijklmncp
ebjpfogmihcnadkl
oblfiegmjknpchad
anbfoigmdckeplhj
ecdfhpgainmokljb
fbpiengojmcakldh
onjdecgmlphfkbia
pkjfebgadinhmclo
acjifkgehdnbolpm
apljdhgoifnckbme
abcdefghijklmnop
ebjpfdgmihonackl
dblfiegmjknpohac
anbfdigmcokeplhj
eocfhpgainmdkljb
fbpiengdjmoaklch
dnjceogmlphfkbia
pkjfebgacinhmold
aojifkgehcnbdlpm
apljchgdifnokbme
abocefghijklmndp
ebjpfcgmihdnaokl
cblfiegmjknpdhao
anbfcigmodkeplhj
edofhpgainmckljb
fbpiengcjmdakloh
cnjoedgmlphfkbia
pkjfebgaoinhmdlc
adjifkgehonbclpm
apljohgcifndkbme
abdoefghijklmncp
ebjpfogmihcnadkl
oblfiegmjknpchad
anbfoigmdckeplhj
ecdfhpgainmokljb
fbpiengojmcakldh
onjdecgmlphfkbia
pkjfebgadinhmclo
acjifkgehdnbolpm
apljdhgoifnckbme
abcdefghijklmnop
ebjpfdgmihonackl
dblfiegmjknpohac
anbfdigmcokeplhj
eocfhpgainmdkljb
fbpiengdjmoaklch
dnjceogmlphfkbia
pkjfebgacinhmold
aojifkgehcnbdlpm
apljchgdifnokbme
abocefghijklmndp
ebjpfcgmihdnaokl
cblfiegmjknpdhao
anbfcigmodkeplhj
edofhpgainmckljb
fbpiengcjmdakloh
cnjoedgmlphfkbia
pkjfebgaoinhmdlc
adjifkgehonbclpm
apljohgcifndkbme
abdoefghijklmncp
ebjpfogmihcnadkl
oblfiegmjknpchad
anbfoigmdckeplhj
ecdfhpgainmokljb
fbpiengojmcakldh
onjdecgmlphfkbia
pkjfebgadinhmclo
acjifkgehdnbolpm
apljdhgoifnckbme
abcdefghijklmnop
ebjpfdgmihonackl
dblfiegmjknpohac
anbfdigmcokeplhj
eocfhpgainmdkljb
fbpiengdjmoaklch
dnjceogmlphfkbia
pkjfebgacinhmold
aojifkgehcnbdlpm
apljchgdifnokbme
abocefghijklmndp
ebjpfcgmihdnaokl
cblfiegmjknpdhao
anbfcigmodkeplhj
edofhpgainmckljb
fbpiengcjmdakloh
cnjoedgmlphfkbia
pkjfebgaoinhmdlc
adjifkgehonbclpm
apljohgcifndkbme
abdoefghijklmncp
ebjpfogmihcnadkl
oblfiegmjknpchad
anbfoigmdckeplhj
ecdfhpgainmokljb
fbpiengojmcakldh
onjdecgmlphfkbia
pkjfebgadinhmclo
acjifkgehdnbolpm
apljdhgoifnckbme
abcdefghijklmnop
ebjpfdgmihonackl
dblfiegmjknpohac
anbfdigmcokeplhj
eocfhpgainmdkljb
fbpiengdjmoaklch
dnjceogmlphfkbia
pkjfebgacinhmold
aojifkgehcnbdlpm
apljchgdifnokbme
abocefghijklmndp
ebjpfcgmihdnaokl
cblfiegmjknpdhao
anbfcigmodkeplhj
edofhpgainmckljb
fbpiengcjmdakloh
cnjoedgmlphfkbia
pkjfebgaoinhmdlc
adjifkgehonbclpm
apljohgcifndkbme
abdoefghijklmncp
ebjpfogmihcnadkl
oblfiegmjknpchad
anbfoigmdckeplhj
ecdfhpgainmokljb
fbpiengojmcakldh
onjdecgmlphfkbia
pkjfebgadinhmclo
acjifkgehdnbolpm
apljdhgoifnckbme
abcdefghijklmnop
ebjpfdgmihonackl
dblfiegmjknpohac
anbfdigmcokeplhj
eocfhpgainmdkljb
fbpiengdjmoaklch
dnjceogmlphfkbia
pkjfebgacinhmold
aojifkgehcnbdlpm
apljchgdifnokbme
abocefghijklmndp
ebjpfcgmihdnaokl
cblfiegmjknpdhao
anbfcigmodkeplhj
edofhpgainmckljb
fbpiengcjmdakloh
cnjoedgmlphfkbia
pkjfebgaoinhmdlc
adjifkgehonbclpm
apljohgcifndkbme
abdoefghijklmncp
ebjpfogmihcnadkl
oblfiegmjknpchad
anbfoigmdckeplhj
ecdfhpgainmokljb
fbpiengojmcakldh
onjdecgmlphfkbia
pkjfebgadinhmclo
acjifkgehdnbolpm
apljdhgoifnckbme
abcdefghijklmnop
ebjpfdgmihonackl
dblfiegmjknpohac
anbfdigmcokeplhj
eocfhpgainmdkljb
fbpiengdjmoaklch
dnjceogmlphfkbia
pkjfebgacinhmold
aojifkgehcnbdlpm
apljchgdifnokbme
abocefghijklmndp
ebjpfcgmihdnaokl
cblfiegmjknpdhao
anbfcigmodkeplhj
edofhpgainmckljb
fbpiengcjmdakloh
cnjoedgmlphfkbia
pkjfebgaoinhmdlc
adjifkgehonbclpm
apljohgcifndkbme
abdoefghijklmncp
ebjpfogmihcnadkl
oblfiegmjknpchad
anbfoigmdckeplhj
ecdfhpgainmokljb
fbpiengojmcakldh
onjdecgmlphfkbia
pkjfebgadinhmclo
acjifkgehdnbolpm
apljdhgoifnckbme
abcdefghijklmnop
ebjpfdgmihonackl
dblfiegmjknpohac
anbfdigmcokeplhj
eocfhpgainmdkljb
fbpiengdjmoaklch
dnjceogmlphfkbia
pkjfebgacinhmold
aojifkgehcnbdlpm
apljchgdifnokbme
abocefghijklmndp
ebjpfcgmihdnaokl
cblfiegmjknpdhao
anbfcigmodkeplhj
edofhpgainmckljb
fbpiengcjmdakloh
cnjoedgmlphfkbia
pkjfebgaoinhmdlc
adjifkgehonbclpm
apljohgcifndkbme
abdoefghijklmncp
ebjpfogmihcnadkl
oblfiegmjknpchad
anbfoigmdckeplhj
ecdfhpgainmokljb
fbpiengojmcakldh
onjdecgmlphfkbia
pkjfebgadinhmclo
acjifkgehdnbolpm
apljdhgoifnckbme
abcdefghijklmnop
ebjpfdgmihonackl
dblfiegmjknpohac
anbfdigmcokeplhj
eocfhpgainmdkljb
fbpiengdjmoaklch
dnjceogmlphfkbia
pkjfebgacinhmold
aojifkgehcnbdlpm
apljchgdifnokbme
abocefghijklmndp
ebjpfcgmihdnaokl
cblfiegmjknpdhao
anbfcigmodkeplhj
edofhpgainmckljb
fbpiengcjmdakloh
cnjoedgmlphfkbia
pkjfebgaoinhmdlc
adjifkgehonbclpm
apljohgcifndkbme
abdoefghijklmncp
ebjpfogmihcnadkl
oblfiegmjknpchad
anbfoigmdckeplhj
ecdfhpgainmokljb
fbpiengojmcakldh
onjdecgmlphfkbia
pkjfebgadinhmclo
acjifkgehdnbolpm
apljdhgoifnckbme
abcdefghijklmnop
ebjpfdgmihonackl
dblfiegmjknpohac
anbfdigmcokeplhj
eocfhpgainmdkljb
fbpiengdjmoaklch
dnjceogmlphfkbia
pkjfebgacinhmold
aojifkgehcnbdlpm
apljchgdifnokbme
abocefghijklmndp
ebjpfcgmihdnaokl
cblfiegmjknpdhao
anbfcigmodkeplhj
edofhpgainmckljb
fbpiengcjmdakloh
cnjoedgmlphfkbia
pkjfebgaoinhmdlc
adjifkgehonbclpm
apljohgcifndkbme
abdoefghijklmncp
ebjpfogmihcnadkl
oblfiegmjknpchad
anbfoigmdckeplhj
ecdfhpgainmokljb
fbpiengojmcakldh
onjdecgmlphfkbia
pkjfebgadinhmclo
acjifkgehdnbolpm
apljdhgoifnckbme
abcdefghijklmnop
ebjpfdgmihonackl
dblfiegmjknpohac
anbfdigmcokeplhj
eocfhpgainmdkljb
fbpiengdjmoaklch
dnjceogmlphfkbia
pkjfebgacinhmold
aojifkgehcnbdlpm
apljchgdifnokbme
abocefghijklmndp
ebjpfcgmihdnaokl
cblfiegmjknpdhao
anbfcigmodkeplhj
edofhpgainmckljb
fbpiengcjmdakloh
cnjoedgmlphfkbia
pkjfebgaoinhmdlc
adjifkgehonbclpm
apljohgcifndkbme
abdoefghijklmncp
ebjpfogmihcnadkl
oblfiegmjknpchad
anbfoigmdckeplhj
ecdfhpgainmokljb
fbpiengojmcakldh
onjdecgmlphfkbia
pkjfebgadinhmclo
acjifkgehdnbolpm
apljdhgoifnckbme
abcdefghijklmnop
ebjpfdgmihonackl
dblfiegmjknpohac
anbfdigmcokeplhj
eocfhpgainmdkljb
fbpiengdjmoaklch
dnjceogmlphfkbia
pkjfebgacinhmold
aojifkgehcnbdlpm
apljchgdifnokbme
abocefghijklmndp
ebjpfcgmihdnaokl
cblfiegmjknpdhao
anbfcigmodkeplhj
edofhpgainmckljb
fbpiengcjmdakloh
cnjoedgmlphfkbia
pkjfebgaoinhmdlc
adjifkgehonbclpm
apljohgcifndkbme
abdoefghijklmncp
ebjpfogmihcnadkl
oblfiegmjknpchad
anbfoigmdckeplhj
ecdfhpgainmokljb
fbpiengojmcakldh
onjdecgmlphfkbia
pkjfebgadinhmclo
acjifkgehdnbolpm
apljdhgoifnckbme
abcdefghijklmnop
ebjpfdgmihonackl
dblfiegmjknpohac
anbfdigmcokeplhj
eocfhpgainmdkljb
fbpiengdjmoaklch
dnjceogmlphfkbia
pkjfebgacinhmold
aojifkgehcnbdlpm
apljchgdifnokbme
abocefghijklmndp
ebjpfcgmihdnaokl
cblfiegmjknpdhao
anbfcigmodkeplhj
edofhpgainmckljb
fbpiengcjmdakloh
cnjoedgmlphfkbia
pkjfebgaoinhmdlc
adjifkgehonbclpm
apljohgcifndkbme
abdoefghijklmncp
ebjpfogmihcnadkl
oblfiegmjknpchad
anbfoigmdckeplhj
ecdfhpgainmokljb
fbpiengojmcakldh
onjdecgmlphfkbia
pkjfebgadinhmclo
acjifkgehdnbolpm
apljdhgoifnckbme
abcdefghijklmnop
ebjpfdgmihonackl
dblfiegmjknpohac
anbfdigmcokeplhj
eocfhpgainmdkljb
fbpiengdjmoaklch
dnjceogmlphfkbia
pkjfebgacinhmold
aojifkgehcnbdlpm
apljchgdifnokbme
abocefghijklmndp
ebjpfcgmihdnaokl
cblfiegmjknpdhao
anbfcigmodkeplhj
edofhpgainmckljb
fbpiengcjmdakloh
cnjoedgmlphfkbia
pkjfebgaoinhmdlc
adjifkgehonbclpm
apljohgcifndkbme
abdoefghijklmncp
ebjpfogmihcnadkl
oblfiegmjknpchad
anbfoigmdckeplhj
ecdfhpgainmokljb
fbpiengojmcakldh
onjdecgmlphfkbia
pkjfebgadinhmclo
acjifkgehdnbolpm
apljdhgoifnckbme
abcdefghijklmnop
ebjpfdgmihonackl
dblfiegmjknpohac
anbfdigmcokeplhj
eocfhpgainmdkljb
fbpiengdjmoaklch
dnjceogmlphfkbia
pkjfebgacinhmold
aojifkgehcnbdlpm
apljchgdifnokbme
abocefghijklmndp
ebjpfcgmihdnaokl
cblfiegmjknpdhao
anbfcigmodkeplhj
edofhpgainmckljb
fbpiengcjmdakloh
cnjoedgmlphfkbia
pkjfebgaoinhmdlc
adjifkgehonbclpm
apljohgcifndkbme
abdoefghijklmncp
ebjpfogmihcnadkl
oblfiegmjknpchad
anbfoigmdckeplhj
ecdfhpgainmokljb
fbpiengojmcakldh
onjdecgmlphfkbia
pkjfebgadinhmclo
acjifkgehdnbolpm
apljdhgoifnckbme
abcdefghijklmnop
ebjpfdgmihonackl
dblfiegmjknpohac
anbfdigmcokeplhj
eocfhpgainmdkljb
fbpiengdjmoaklch
dnjceogmlphfkbia
pkjfebgacinhmold
aojifkgehcnbdlpm
apljchgdifnokbme
abocefghijklmndp
ebjpfcgmihdnaokl
cblfiegmjknpdhao
anbfcigmodkeplhj
edofhpgainmckljb
fbpiengcjmdakloh
cnjoedgmlphfkbia
pkjfebgaoinhmdlc
adjifkgehonbclpm
apljohgcifndkbme
abdoefghijklmncp
ebjpfogmihcnadkl
oblfiegmjknpchad
anbfoigmdckeplhj
ecdfhpgainmokljb
fbpiengojmcakldh
onjdecgmlphfkbia
pkjfebgadinhmclo
acjifkgehdnbolpm
apljdhgoifnckbme
abcdefghijklmnop
ebjpfdgmihonackl
dblfiegmjknpohac
anbfdigmcokeplhj
eocfhpgainmdkljb
fbpiengdjmoaklch
dnjceogmlphfkbia
pkjfebgacinhmold
aojifkgehcnbdlpm
apljchgdifnokbme
abocefghijklmndp
ebjpfcgmihdnaokl
cblfiegmjknpdhao
anbfcigmodkeplhj
edofhpgainmckljb
fbpiengcjmdakloh
cnjoedgmlphfkbia
pkjfebgaoinhmdlc
adjifkgehonbclpm
apljohgcifndkbme
abdoefghijklmncp
ebjpfogmihcnadkl
oblfiegmjknpchad
anbfoigmdckeplhj
ecdfhpgainmokljb
fbpiengojmcakldh
onjdecgmlphfkbia
pkjfebgadinhmclo
acjifkgehdnbolpm
apljdhgoifnckbme
abcdefghijklmnop
ebjpfdgmihonackl
dblfiegmjknpohac
anbfdigmcokeplhj
eocfhpgainmdkljb
fbpiengdjmoaklch
dnjceogmlphfkbia
pkjfebgacinhmold
aojifkgehcnbdlpm
apljchgdifnokbme
abocefghijklmndp
ebjpfcgmihdnaokl
cblfiegmjknpdhao
anbfcigmodkeplhj
edofhpgainmckljb
fbpiengcjmdakloh
cnjoedgmlphfkbia
pkjfebgaoinhmdlc
adjifkgehonbclpm
apljohgcifndkbme
abdoefghijklmncp
ebjpfogmihcnadkl
oblfiegmjknpchad
anbfoigmdckeplhj
ecdfhpgainmokljb
fbpiengojmcakldh
onjdecgmlphfkbia
pkjfebgadinhmclo
acjifkgehdnbolpm
apljdhgoifnckbme
abcdefghijklmnop
ebjpfdgmihonackl
dblfiegmjknpohac
anbfdigmcokeplhj
eocfhpgainmdkljb
fbpiengdjmoaklch
dnjceogmlphfkbia
pkjfebgacinhmold
aojifkgehcnbdlpm
apljchgdifnokbme
abocefghijklmndp
ebjpfcgmihdnaokl
cblfiegmjknpdhao
anbfcigmodkeplhj
edofhpgainmckljb
fbpiengcjmdakloh
cnjoedgmlphfkbia
pkjfebgaoinhmdlc
adjifkgehonbclpm
apljohgcifndkbme
abdoefghijklmncp
ebjpfogmihcnadkl
oblfiegmjknpchad
anbfoigmdckeplhj
ecdfhpgainmokljb
fbpiengojmcakldh
onjdecgmlphfkbia
pkjfebgadinhmclo
acjifkgehdnbolpm
apljdhgoifnckbme
abcdefghijklmnop
ebjpfdgmihonackl
dblfiegmjknpohac
anbfdigmcokeplhj
eocfhpgainmdkljb
fbpiengdjmoaklch
dnjceogmlphfkbia
pkjfebgacinhmold
aojifkgehcnbdlpm
apljchgdifnokbme
abocefghijklmndp
ebjpfcgmihdnaokl
cblfiegmjknpdhao
anbfcigmodkeplhj
edofhpgainmckljb
fbpiengcjmdakloh
cnjoedgmlphfkbia
pkjfebgaoinhmdlc
adjifkgehonbclpm
apljohgcifndkbme
abdoefghijklmncp
ebjpfogmihcnadkl
oblfiegmjknpchad
anbfoigmdckeplhj
ecdfhpgainmokljb
fbpiengojmcakldh
onjdecgmlphfkbia
pkjfebgadinhmclo
acjifkgehdnbolpm
apljdhgoifnckbme
abcdefghijklmnop
ebjpfdgmihonackl
dblfiegmjknpohac
anbfdigmcokeplhj
eocfhpgainmdkljb
fbpiengdjmoaklch
dnjceogmlphfkbia
pkjfebgacinhmold
aojifkgehcnbdlpm
apljchgdifnokbme
abocefghijklmndp
ebjpfcgmihdnaokl
cblfiegmjknpdhao
anbfcigmodkeplhj
edofhpgainmckljb
fbpiengcjmdakloh
cnjoedgmlphfkbia
pkjfebgaoinhmdlc
adjifkgehonbclpm
apljohgcifndkbme
abdoefghijklmncp
ebjpfogmihcnadkl
oblfiegmjknpchad
anbfoigmdckeplhj
ecdfhpgainmokljb
fbpiengojmcakldh
onjdecgmlphfkbia
pkjfebgadinhmclo
acjifkgehdnbolpm
apljdhgoifnckbme
abcdefghijklmnop
ebjpfdgmihonackl
dblfiegmjknpohac
anbfdigmcokeplhj
eocfhpgainmdkljb
fbpiengdjmoaklch
dnjceogmlphfkbia
pkjfebgacinhmold
aojifkgehcnbdlpm
apljchgdifnokbme
abocefghijklmndp
ebjpfcgmihdnaokl
cblfiegmjknpdhao
anbfcigmodkeplhj
edofhpgainmckljb
fbpiengcjmdakloh
cnjoedgmlphfkbia
pkjfebgaoinhmdlc
adjifkgehonbclpm
apljohgcifndkbme
abdoefghijklmncp
ebjpfogmihcnadkl
oblfiegmjknpchad
anbfoigmdckeplhj
ecdfhpgainmokljb
fbpiengojmcakldh
onjdecgmlphfkbia
pkjfebgadinhmclo
acjifkgehdnbolpm
apljdhgoifnckbme
abcdefghijklmnop
ebjpfdgmihonackl
dblfiegmjknpohac
anbfdigmcokeplhj
eocfhpgainmdkljb
fbpiengdjmoaklch
dnjceogmlphfkbia
pkjfebgacinhmold
aojifkgehcnbdlpm
apljchgdifnokbme
abocefghijklmndp
ebjpfcgmihdnaokl
cblfiegmjknpdhao
anbfcigmodkeplhj
edofhpgainmckljb
fbpiengcjmdakloh
cnjoedgmlphfkbia
pkjfebgaoinhmdlc
adjifkgehonbclpm
apljohgcifndkbme
abdoefghijklmncp
ebjpfogmihcnadkl
oblfiegmjknpchad
anbfoigmdckeplhj
ecdfhpgainmokljb
fbpiengojmcakldh
onjdecgmlphfkbia
pkjfebgadinhmclo
acjifkgehdnbolpm
apljdhgoifnckbme
abcdefghijklmnop
ebjpfdgmihonackl
dblfiegmjknpohac
anbfdigmcokeplhj
eocfhpgainmdkljb
fbpiengdjmoaklch
dnjceogmlphfkbia
pkjfebgacinhmold
aojifkgehcnbdlpm
apljchgdifnokbme
abocefghijklmndp
ebjpfcgmihdnaokl
cblfiegmjknpdhao
anbfcigmodkeplhj
edofhpgainmckljb
fbpiengcjmdakloh
cnjoedgmlphfkbia
pkjfebgaoinhmdlc
adjifkgehonbclpm
apljohgcifndkbme
abdoefghijklmncp
ebjpfogmihcnadkl
oblfiegmjknpchad
anbfoigmdckeplhj
ecdfhpgainmokljb
fbpiengojmcakldh
onjdecgmlphfkbia
pkjfebgadinhmclo
acjifkgehdnbolpm
apljdhgoifnckbme
abcdefghijklmnop
ebjpfdgmihonackl
dblfiegmjknpohac
anbfdigmcokeplhj
eocfhpgainmdkljb
fbpiengdjmoaklch
dnjceogmlphfkbia
pkjfebgacinhmold
aojifkgehcnbdlpm
apljchgdifnokbme
abocefghijklmndp
ebjpfcgmihdnaokl
cblfiegmjknpdhao
anbfcigmodkeplhj
edofhpgainmckljb
fbpiengcjmdakloh
cnjoedgmlphfkbia
pkjfebgaoinhmdlc
adjifkgehonbclpm
apljohgcifndkbme
abdoefghijklmncp
ebjpfogmihcnadkl
oblfiegmjknpchad
anbfoigmdckeplhj
ecdfhpgainmokljb
fbpiengojmcakldh
onjdecgmlphfkbia
pkjfebgadinhmclo
acjifkgehdnbolpm
apljdhgoifnckbme
abcdefghijklmnop
ebjpfdgmihonackl
dblfiegmjknpohac
anbfdigmcokeplhj
eocfhpgainmdkljb
fbpiengdjmoaklch
dnjceogmlphfkbia
pkjfebgacinhmold
aojifkgehcnbdlpm
apljchgdifnokbme
abocefghijklmndp
ebjpfcgmihdnaokl
cblfiegmjknpdhao
anbfcigmodkeplhj
edofhpgainmckljb
fbpiengcjmdakloh
cnjoedgmlphfkbia
pkjfebgaoinhmdlc
adjifkgehonbclpm
apljohgcifndkbme
abdoefghijklmncp
ebjpfogmihcnadkl
oblfiegmjknpchad
anbfoigmdckeplhj
ecdfhpgainmokljb
fbpiengojmcakldh
onjdecgmlphfkbia
pkjfebgadinhmclo
acjifkgehdnbolpm
apljdhgoifnckbme
abcdefghijklmnop
ebjpfdgmihonackl
dblfiegmjknpohac
anbfdigmcokeplhj
eocfhpgainmdkljb
fbpiengdjmoaklch
dnjceogmlphfkbia
pkjfebgacinhmold
aojifkgehcnbdlpm
apljchgdifnokbme
abocefghijklmndp
ebjpfcgmihdnaokl
cblfiegmjknpdhao
anbfcigmodkeplhj
edofhpgainmckljb
fbpiengcjmdakloh
cnjoedgmlphfkbia
pkjfebgaoinhmdlc
adjifkgehonbclpm
apljohgcifndkbme
abdoefghijklmncp
ebjpfogmihcnadkl
oblfiegmjknpchad
anbfoigmdckeplhj
ecdfhpgainmokljb
fbpiengojmcakldh
onjdecgmlphfkbia
pkjfebgadinhmclo
acjifkgehdnbolpm
apljdhgoifnckbme
abcdefghijklmnop
ebjpfdgmihonackl
dblfiegmjknpohac
anbfdigmcokeplhj
eocfhpgainmdkljb
fbpiengdjmoaklch
dnjceogmlphfkbia
pkjfebgacinhmold
aojifkgehcnbdlpm
apljchgdifnokbme
abocefghijklmndp
ebjpfcgmihdnaokl
cblfiegmjknpdhao
anbfcigmodkeplhj
edofhpgainmckljb
fbpiengcjmdakloh
cnjoedgmlphfkbia
pkjfebgaoinhmdlc
adjifkgehonbclpm
apljohgcifndkbme
abdoefghijklmncp
ebjpfogmihcnadkl
oblfiegmjknpchad
anbfoigmdckeplhj
ecdfhpgainmokljb
fbpiengojmcakldh
onjdecgmlphfkbia
pkjfebgadinhmclo
acjifkgehdnbolpm
apljdhgoifnckbme
abcdefghijklmnop
ebjpfdgmihonackl
dblfiegmjknpohac
anbfdigmcokeplhj
eocfhpgainmdkljb
fbpiengdjmoaklch
dnjceogmlphfkbia
pkjfebgacinhmold
aojifkgehcnbdlpm
apljchgdifnokbme
abocefghijklmndp
ebjpfcgmihdnaokl
cblfiegmjknpdhao
anbfcigmodkeplhj
edofhpgainmckljb
fbpiengcjmdakloh
cnjoedgmlphfkbia
pkjfebgaoinhmdlc
adjifkgehonbclpm
apljohgcifndkbme
abdoefghijklmncp
ebjpfogmihcnadkl
oblfiegmjknpchad
anbfoigmdckeplhj
ecdfhpgainmokljb
fbpiengojmcakldh
onjdecgmlphfkbia
pkjfebgadinhmclo
acjifkgehdnbolpm
apljdhgoifnckbme
abcdefghijklmnop
ebjpfdgmihonackl
dblfiegmjknpohac
anbfdigmcokeplhj
eocfhpgainmdkljb
fbpiengdjmoaklch
dnjceogmlphfkbia
pkjfebgacinhmold
aojifkgehcnbdlpm
apljchgdifnokbme
abocefghijklmndp
ebjpfcgmihdnaokl
cblfiegmjknpdhao
anbfcigmodkeplhj
edofhpgainmckljb
fbpiengcjmdakloh
cnjoedgmlphfkbia
pkjfebgaoinhmdlc
adjifkgehonbclpm
apljohgcifndkbme
abdoefghijklmncp
ebjpfogmihcnadkl
oblfiegmjknpchad
anbfoigmdckeplhj
ecdfhpgainmokljb
fbpiengojmcakldh
onjdecgmlphfkbia
pkjfebgadinhmclo
acjifkgehdnbolpm
apljdhgoifnckbme
abcdefghijklmnop
ebjpfdgmihonackl
dblfiegmjknpohac
anbfdigmcokeplhj
eocfhpgainmdkljb
fbpiengdjmoaklch
dnjceogmlphfkbia
pkjfebgacinhmold
aojifkgehcnbdlpm
apljchgdifnokbme
abocefghijklmndp
ebjpfcgmihdnaokl
cblfiegmjknpdhao
anbfcigmodkeplhj
edofhpgainmckljb
fbpiengcjmdakloh
cnjoedgmlphfkbia
pkjfebgaoinhmdlc
adjifkgehonbclpm
apljohgcifndkbme
abdoefghijklmncp
ebjpfogmihcnadkl
oblfiegmjknpchad
anbfoigmdckeplhj
ecdfhpgainmokljb
fbpiengojmcakldh
onjdecgmlphfkbia
pkjfebgadinhmclo
acjifkgehdnbolpm
apljdhgoifnckbme
abcdefghijklmnop
ebjpfdgmihonackl
dblfiegmjknpohac
anbfdigmcokeplhj
eocfhpgainmdkljb
fbpiengdjmoaklch
dnjceogmlphfkbia
pkjfebgacinhmold
aojifkgehcnbdlpm
apljchgdifnokbme
abocefghijklmndp
ebjpfcgmihdnaokl
cblfiegmjknpdhao
anbfcigmodkeplhj
edofhpgainmckljb
fbpiengcjmdakloh
cnjoedgmlphfkbia
pkjfebgaoinhmdlc
adjifkgehonbclpm
apljohgcifndkbme
abdoefghijklmncp
ebjpfogmihcnadkl
oblfiegmjknpchad
anbfoigmdckeplhj
ecdfhpgainmokljb
fbpiengojmcakldh
onjdecgmlphfkbia
pkjfebgadinhmclo
acjifkgehdnbolpm
apljdhgoifnckbme
abcdefghijklmnop
ebjpfdgmihonackl
dblfiegmjknpohac
anbfdigmcokeplhj
eocfhpgainmdkljb
fbpiengdjmoaklch
dnjceogmlphfkbia
pkjfebgacinhmold
aojifkgehcnbdlpm
apljchgdifnokbme
abocefghijklmndp
